INFO [2019-12-18 14:53:18] [[1]]
INFO [2019-12-18 14:53:18] list(tb_core, oral_core)
INFO [2019-12-18 14:53:18] 
INFO [2019-12-18 14:53:18] $category.names
INFO [2019-12-18 14:53:18] c("Toothbrush", "Oral")
INFO [2019-12-18 14:53:18] 
INFO [2019-12-18 14:53:18] $filename
INFO [2019-12-18 14:53:18] [1] "data/core/conserved_taxa.png"
INFO [2019-12-18 14:53:18] 
INFO [2019-12-18 14:53:18] $fill
INFO [2019-12-18 14:53:18] c("blue", "green")
INFO [2019-12-18 14:53:18] 
INFO [2019-12-18 14:53:18] $cex
INFO [2019-12-18 14:53:18] [1] 4
INFO [2019-12-18 14:53:18] 
INFO [2019-12-18 14:53:18] $cat.cex
INFO [2019-12-18 14:53:18] [1] 0
INFO [2019-12-18 14:53:18] 
INFO [2019-12-18 14:53:18] $cat.pos
INFO [2019-12-18 14:53:18] [1] 0
INFO [2019-12-18 14:53:18] 
