INFO [2019-12-18 14:53:23] [[1]]
INFO [2019-12-18 14:53:23] list(tb_core_res, oral_core_res)
INFO [2019-12-18 14:53:23] 
INFO [2019-12-18 14:53:23] $category.names
INFO [2019-12-18 14:53:23] c("Toothbrush", "Oral")
INFO [2019-12-18 14:53:23] 
INFO [2019-12-18 14:53:23] $filename
INFO [2019-12-18 14:53:23] [1] "data/core/conserved_ARG.png"
INFO [2019-12-18 14:53:23] 
INFO [2019-12-18 14:53:23] $fill
INFO [2019-12-18 14:53:23] c("blue", "green")
INFO [2019-12-18 14:53:23] 
INFO [2019-12-18 14:53:23] $cex
INFO [2019-12-18 14:53:23] [1] 4
INFO [2019-12-18 14:53:23] 
INFO [2019-12-18 14:53:23] $cat.cex
INFO [2019-12-18 14:53:23] [1] 0
INFO [2019-12-18 14:53:23] 
INFO [2019-12-18 14:53:23] $cat.pos
INFO [2019-12-18 14:53:23] [1] 0
INFO [2019-12-18 14:53:23] 
